2020-05-03 11:02:00 [INFO] pandownload version: 2.2.2
2020-05-03 11:02:01 [INFO] aria2 websocket connection opened (127.0.0.1:36945)
2020-05-03 11:02:01 [INFO] aria2 version: 1.35.1
2020-05-03 11:02:01 [INFO] aria2 json-rpc path: http://token:pandownload@127.0.0.1:36945/jsonrpc
2020-05-03 11:02:01 [INFO] create main window
2020-05-03 11:02:01 [INFO] verify cookie (641)
2020-05-03 11:02:01 [INFO] verify cookie (581)
2020-05-03 11:02:04 [INFO] user login success (3539102621): 尚信294
2020-05-03 11:02:04 [INFO] user login success (476495987): zjc040
2020-05-03 11:15:50 [WARN] ID#2 - The response status is not successful. status=403(22) FILE="G:/pandown/李政化学二轮（全）/18实验第一讲之物质的制备和检验.mp4" SIZE="778925491"
2020-05-03 11:15:50 [WARN] ID#3 - The response status is not successful. status=403(22) FILE="G:/pandown/李政化学二轮（全）/17.有机基础第二讲.mp4" SIZE="706824538"
2020-05-03 11:15:50 [WARN] ID#1 - The response status is not successful. status=403(22) FILE="G:/pandown/李政化学二轮（全）/19.实验第二讲之常见特殊仪器.mp4" SIZE="601978010"
2020-05-03 11:15:53 [WARN] ID#3 - The response status is not successful. status=403(22) FILE="G:/pandown/李政化学二轮（全）/17.有机基础第二讲.mp4" SIZE="706824538"
2020-05-03 11:15:53 [WARN] ID#1 - The response status is not successful. status=403(22) FILE="G:/pandown/李政化学二轮（全）/19.实验第二讲之常见特殊仪器.mp4" SIZE="601978010"
2020-05-03 11:15:55 [WARN] ID#3 - The response status is not successful. status=403(22) FILE="G:/pandown/李政化学二轮（全）/17.有机基础第二讲.mp4" SIZE="706824538"
2020-05-03 11:15:55 [WARN] ID#1 - The response status is not successful. status=403(22) FILE="G:/pandown/李政化学二轮（全）/19.实验第二讲之常见特殊仪器.mp4" SIZE="601978010"
2020-05-03 11:15:58 [WARN] ID#4 - The response status is not successful. status=403(22) FILE="G:/pandown/李政化学二轮（全）/16.有机基础第一讲.mp4" SIZE="554636894"
2020-05-03 11:15:58 [WARN] ID#5 - The response status is not successful. status=403(22) FILE="G:/pandown/李政化学二轮（全）/15.有机第六讲之解题思路演示.mp4" SIZE="798040476"
2020-05-03 11:16:00 [WARN] ID#4 - The response status is not successful. status=403(22) FILE="G:/pandown/李政化学二轮（全）/16.有机基础第一讲.mp4" SIZE="554636894"
2020-05-03 11:16:00 [WARN] ID#5 - The response status is not successful. status=403(22) FILE="G:/pandown/李政化学二轮（全）/15.有机第六讲之解题思路演示.mp4" SIZE="798040476"
2020-05-03 11:16:09 [WARN] ID#1 - The response status is not successful. status=403(22) FILE="G:/pandown/李政化学二轮（全）/19.实验第二讲之常见特殊仪器.mp4" SIZE="601978010"
2020-05-03 11:16:12 [WARN] ID#1 - The response status is not successful. status=403(22) FILE="G:/pandown/李政化学二轮（全）/19.实验第二讲之常见特殊仪器.mp4" SIZE="601978010"
2020-05-03 11:16:14 [WARN] ID#1 - The response status is not successful. status=403(22) FILE="G:/pandown/李政化学二轮（全）/19.实验第二讲之常见特殊仪器.mp4" SIZE="601978010"
2020-05-03 11:16:25 [WARN] aria2.removeDownloadResult error (1): Could not remove download result of GID#25ce8acc57990472
2020-05-03 11:16:25 [WARN] aria2.removeDownloadResult error (1): Could not remove download result of GID#d9d7845fa2287615
2020-05-03 11:20:11 [WARN] ID#2 - The response status is not successful. status=403(22) FILE="G:/pandown/李政化学二轮（全）/15.有机第六讲之解题思路演示.mp4" SIZE="798040476"
2020-05-03 11:20:14 [WARN] ID#2 - The response status is not successful. status=403(22) FILE="G:/pandown/李政化学二轮（全）/15.有机第六讲之解题思路演示.mp4" SIZE="798040476"
2020-05-03 11:20:15 [WARN] ID#2 - The response status is not successful. status=403(22) FILE="G:/pandown/李政化学二轮（全）/15.有机第六讲之解题思路演示.mp4" SIZE="798040476"
2020-05-03 11:20:58 [WARN] ID#2 - The response status is not successful. status=403(22) FILE="G:/pandown/李政化学二轮（全）/15.有机第六讲之解题思路演示.mp4" SIZE="798040476"
2020-05-03 11:20:59 [WARN] ID#2 - The response status is not successful. status=403(22) FILE="G:/pandown/李政化学二轮（全）/15.有机第六讲之解题思路演示.mp4" SIZE="798040476"
2020-05-03 11:21:00 [WARN] aria2.forceRemove error (1): Active Download not found for GID#57d42f34f7aa1a30
2020-05-03 11:21:01 [WARN] ID#2 - The response status is not successful. status=403(22) FILE="G:/pandown/李政化学二轮（全）/15.有机第六讲之解题思路演示.mp4" SIZE="798040476"
2020-05-03 13:50:12 [WARN] request error (0x200000073): https://pan.baidu.com/share/pset {"errno":115,"request_id":2866088605978320208,"shareid":-1,"link":"","imagetype":0,"show_msg":"","newno":"100000010001"}
2020-05-03 13:50:21 [WARN] request error (0x200000073): https://pan.baidu.com/share/set {"errno":115,"request_id":2866091075011152476,"shareid":3940311082,"link":"https:\/\/pan.baidu.com\/s\/1XWOJbFLbE3tCKiebatFowg","shorturl":"https:\/\/pan.baidu.com\/s\/1XWOJbFLbE3tCKiebatFowg","ctime":1588485021,"expiredType":0,"show_msg":"","newno":"100000010001"}
2020-05-03 13:50:46 [WARN] ID#1 - The response status is not successful. status=403(22) FILE="G:/pandown/32.(第21讲) 缓冲溶液与分布系数.mp4" SIZE="446670692"
2020-05-03 13:50:48 [WARN] ID#1 - The response status is not successful. status=403(22) FILE="G:/pandown/32.(第21讲) 缓冲溶液与分布系数.mp4" SIZE="446670692"
2020-05-03 13:50:51 [WARN] ID#1 - The response status is not successful. status=403(22) FILE="G:/pandown/32.(第21讲) 缓冲溶液与分布系数.mp4" SIZE="446670692"
2020-05-03 16:20:59 [WARN] request error (0x2fffffffa): https://pan.baidu.com/api/quota {"errno":-6,"request_id":562674260108744406}
2020-05-03 16:21:20 [WARN] request error (0x2fffffffa): https://pan.baidu.com/api/quota {"errno":-6,"request_id":562679769600556937}
2020-05-03 16:21:41 [WARN] request error (0x2fffffffa): https://pan.baidu.com/api/quota {"errno":-6,"request_id":562685496820151438}
2020-05-03 16:22:02 [WARN] request error (0x2fffffffa): https://pan.baidu.com/api/quota {"errno":-6,"request_id":562691004496678505}
2020-05-03 16:22:22 [WARN] request error (0x2fffffffa): https://pan.baidu.com/api/quota {"errno":-6,"request_id":562696508779060455}
2020-05-03 16:22:43 [WARN] request error (0x2fffffffa): https://pan.baidu.com/api/quota {"errno":-6,"request_id":562702003900263915}
2020-05-03 16:23:04 [WARN] request error (0x2fffffffa): https://pan.baidu.com/api/quota {"errno":-6,"request_id":562707760648719827}
2020-05-03 16:23:25 [WARN] request error (0x2fffffffa): https://pan.baidu.com/api/quota {"errno":-6,"request_id":562713271479230703}
2020-05-03 16:23:45 [WARN] request error (0x2fffffffa): https://pan.baidu.com/api/quota {"errno":-6,"request_id":562718766174115918}
2020-05-03 16:24:06 [WARN] request error (0x2fffffffa): https://pan.baidu.com/api/quota {"errno":-6,"request_id":562724274141817771}
2020-05-03 16:24:27 [WARN] request error (0x2fffffffa): https://pan.baidu.com/api/quota {"errno":-6,"request_id":562730013893899859}
2020-05-03 16:24:48 [WARN] request error (0x2fffffffa): https://pan.baidu.com/api/quota {"errno":-6,"request_id":562735498645670938}
2020-05-03 16:25:08 [WARN] request error (0x2fffffffa): https://pan.baidu.com/api/quota {"errno":-6,"request_id":562740999894629971}
2020-05-03 16:25:29 [WARN] request error (0x2fffffffa): https://pan.baidu.com/api/quota {"errno":-6,"request_id":562746577187241360}
2020-05-03 16:25:50 [WARN] request error (0x2fffffffa): https://pan.baidu.com/api/quota {"errno":-6,"request_id":562752297067805393}
2020-05-03 16:26:11 [WARN] request error (0x2fffffffa): https://pan.baidu.com/api/quota {"errno":-6,"request_id":562757816869769834}
2020-05-03 16:26:31 [WARN] request error (0x2fffffffa): https://pan.baidu.com/api/quota {"errno":-6,"request_id":562763310026051804}
2020-05-03 16:26:52 [WARN] request error (0x2fffffffa): https://pan.baidu.com/api/quota {"errno":-6,"request_id":562768807970489417}
2020-05-03 16:27:13 [WARN] request error (0x2fffffffa): https://pan.baidu.com/api/quota {"errno":-6,"request_id":562774647166553943}
2020-05-03 16:27:34 [WARN] request error (0x2fffffffa): https://pan.baidu.com/api/quota {"errno":-6,"request_id":562780221008139610}
2020-05-03 16:27:57 [WARN] request error (0x2fffffffa): https://pan.baidu.com/api/quota {"errno":-6,"request_id":562786215531831204}
2020-05-03 16:28:17 [WARN] request error (0x2fffffffa): https://pan.baidu.com/api/quota {"errno":-6,"request_id":562791729084569767}
2020-05-03 16:28:39 [WARN] request error (0x2fffffffa): https://pan.baidu.com/api/quota {"errno":-6,"request_id":562797478006929069}
2020-05-03 16:28:59 [WARN] request error (0x2fffffffa): https://pan.baidu.com/api/quota {"errno":-6,"request_id":562802966212329363}
2020-05-03 16:29:19 [WARN] request error (0x2fffffffa): https://pan.baidu.com/api/quota {"errno":-6,"request_id":562808464042379795}
2020-05-03 16:29:40 [WARN] request error (0x2fffffffa): https://pan.baidu.com/api/quota {"errno":-6,"request_id":562813959364307902}
2020-05-03 16:30:01 [WARN] request error (0x2fffffffa): https://pan.baidu.com/api/quota {"errno":-6,"request_id":562819693416193574}
2020-05-03 16:30:22 [WARN] request error (0x2fffffffa): https://pan.baidu.com/api/quota {"errno":-6,"request_id":562825193423522083}
2020-05-03 16:30:43 [WARN] request error (0x2fffffffa): https://pan.baidu.com/api/quota {"errno":-6,"request_id":562830815159277173}
2020-05-03 16:31:03 [WARN] request error (0x2fffffffa): https://pan.baidu.com/api/quota {"errno":-6,"request_id":562836392448034998}
2020-05-03 16:31:25 [WARN] request error (0x2fffffffa): https://pan.baidu.com/api/quota {"errno":-6,"request_id":562842136576837581}
2020-05-03 16:31:46 [WARN] request error (0x2fffffffa): https://pan.baidu.com/api/quota {"errno":-6,"request_id":562847712717595765}
2020-05-03 16:32:06 [WARN] request error (0x2fffffffa): https://pan.baidu.com/api/quota {"errno":-6,"request_id":562853213399598589}
2020-05-03 16:32:27 [WARN] request error (0x2fffffffa): https://pan.baidu.com/api/quota {"errno":-6,"request_id":562858709681500096}
2020-05-03 16:32:49 [WARN] request error (0x2fffffffa): https://pan.baidu.com/api/quota {"errno":-6,"request_id":562864819960743876}
2020-05-03 16:33:10 [WARN] request error (0x2fffffffa): https://pan.baidu.com/api/quota {"errno":-6,"request_id":562870362854768110}
2020-05-03 16:33:31 [WARN] request error (0x2fffffffa): https://pan.baidu.com/api/quota {"errno":-6,"request_id":562875862468695267}
2020-05-03 16:33:51 [WARN] request error (0x2fffffffa): https://pan.baidu.com/api/quota {"errno":-6,"request_id":562881376535482359}
2020-05-03 16:34:12 [WARN] request error (0x2fffffffa): https://pan.baidu.com/api/quota {"errno":-6,"request_id":562887101466239027}
2020-05-03 16:34:33 [WARN] request error (0x2fffffffa): https://pan.baidu.com/api/quota {"errno":-6,"request_id":562892596769954142}
2020-05-03 16:34:54 [WARN] request error (0x2fffffffa): https://pan.baidu.com/api/quota {"errno":-6,"request_id":562898232878332835}
2020-05-03 16:35:15 [WARN] request error (0x2fffffffa): https://pan.baidu.com/api/quota {"errno":-6,"request_id":562903813521396334}
2020-05-03 16:35:36 [WARN] request error (0x2fffffffa): https://pan.baidu.com/api/quota {"errno":-6,"request_id":562909562762337904}
2020-05-03 16:35:57 [WARN] request error (0x2fffffffa): https://pan.baidu.com/api/quota {"errno":-6,"request_id":562915067841264619}
2020-05-03 16:36:17 [WARN] request error (0x2fffffffa): https://pan.baidu.com/api/quota {"errno":-6,"request_id":562920562274820243}
2020-05-03 16:36:38 [WARN] request error (0x2fffffffa): https://pan.baidu.com/api/quota {"errno":-6,"request_id":562926060494697299}
2020-05-03 16:36:59 [WARN] request error (0x2fffffffa): https://pan.baidu.com/api/quota {"errno":-6,"request_id":562931803302242847}
2020-05-03 16:37:20 [WARN] request error (0x2fffffffa): https://pan.baidu.com/api/quota {"errno":-6,"request_id":562937326936871443}
2020-05-03 16:37:40 [WARN] request error (0x2fffffffa): https://pan.baidu.com/api/quota {"errno":-6,"request_id":562942835398962429}
2020-05-03 16:38:01 [WARN] request error (0x2fffffffa): https://pan.baidu.com/api/quota {"errno":-6,"request_id":562948396620510014}
2020-05-03 16:38:22 [WARN] request error (0x2fffffffa): https://pan.baidu.com/api/quota {"errno":-6,"request_id":562954235800739718}
2020-05-03 16:38:43 [WARN] request error (0x2fffffffa): https://pan.baidu.com/api/quota {"errno":-6,"request_id":562959734949777218}
2020-05-03 16:39:03 [WARN] request error (0x2fffffffa): https://pan.baidu.com/api/quota {"errno":-6,"request_id":562965233445519531}
2020-05-03 16:39:24 [WARN] request error (0x2fffffffa): https://pan.baidu.com/api/quota {"errno":-6,"request_id":562970724972425536}
2020-05-03 16:39:45 [WARN] request error (0x2fffffffa): https://pan.baidu.com/api/quota {"errno":-6,"request_id":562976450554666781}
2020-05-03 16:40:07 [WARN] request error (0x2fffffffa): https://pan.baidu.com/api/quota {"errno":-6,"request_id":562982366987371742}
2020-05-03 16:40:28 [WARN] request error (0x2fffffffa): https://pan.baidu.com/api/quota {"errno":-6,"request_id":562987862753411027}
2020-05-03 16:40:48 [WARN] request error (0x2fffffffa): https://pan.baidu.com/api/quota {"errno":-6,"request_id":562993365065708148}
2020-05-03 16:41:10 [WARN] request error (0x2fffffffa): https://pan.baidu.com/api/quota {"errno":-6,"request_id":562999117121072370}
2020-05-03 16:41:30 [WARN] request error (0x2fffffffa): https://pan.baidu.com/api/quota {"errno":-6,"request_id":563004612746917258}
2020-05-03 16:41:51 [WARN] request error (0x2fffffffa): https://pan.baidu.com/api/quota {"errno":-6,"request_id":563010107549572262}
2020-05-03 16:42:11 [WARN] request error (0x2fffffffa): https://pan.baidu.com/api/quota {"errno":-6,"request_id":563015682330221144}
2020-05-03 16:42:33 [WARN] request error (0x2fffffffa): https://pan.baidu.com/api/quota {"errno":-6,"request_id":563021448939014119}
2020-05-03 16:42:56 [WARN] request error (0x2fffffffa): https://pan.baidu.com/api/quota {"errno":-6,"request_id":563027696756549389}
2020-05-03 16:43:17 [WARN] request error (0x2fffffffa): https://pan.baidu.com/api/quota {"errno":-6,"request_id":563033253160340013}
2020-05-03 16:43:37 [WARN] request error (0x2fffffffa): https://pan.baidu.com/api/quota {"errno":-6,"request_id":563038763249510941}
2020-05-03 16:43:59 [WARN] request error (0x2fffffffa): https://pan.baidu.com/api/quota {"errno":-6,"request_id":563044520344467517}
2020-05-03 16:44:19 [WARN] request error (0x2fffffffa): https://pan.baidu.com/api/quota {"errno":-6,"request_id":563050046757098909}
2020-05-03 16:44:40 [WARN] request error (0x2fffffffa): https://pan.baidu.com/api/quota {"errno":-6,"request_id":563055533011802879}
2020-05-03 16:45:00 [WARN] request error (0x2fffffffa): https://pan.baidu.com/api/quota {"errno":-6,"request_id":563061036457488512}
2020-05-03 16:45:22 [WARN] request error (0x2fffffffa): https://pan.baidu.com/api/quota {"errno":-6,"request_id":563066772492781088}
2020-05-03 16:45:42 [WARN] request error (0x2fffffffa): https://pan.baidu.com/api/quota {"errno":-6,"request_id":563072280961920437}
2020-05-03 16:46:03 [WARN] request error (0x2fffffffa): https://pan.baidu.com/api/quota {"errno":-6,"request_id":563077920090202323}
2020-05-03 16:46:24 [WARN] request error (0x2fffffffa): https://pan.baidu.com/api/quota {"errno":-6,"request_id":563083424449336941}
2020-05-03 16:46:45 [WARN] request error (0x2fffffffa): https://pan.baidu.com/api/quota {"errno":-6,"request_id":563089159462524232}
2020-05-03 16:47:06 [WARN] request error (0x2fffffffa): https://pan.baidu.com/api/quota {"errno":-6,"request_id":563094658948702603}
2020-05-03 16:47:26 [WARN] request error (0x2fffffffa): https://pan.baidu.com/api/quota {"errno":-6,"request_id":563100155008315756}
2020-05-03 16:47:47 [WARN] request error (0x2fffffffa): https://pan.baidu.com/api/quota {"errno":-6,"request_id":563105652803737607}
2020-05-03 16:48:08 [WARN] request error (0x2fffffffa): https://pan.baidu.com/api/quota {"errno":-6,"request_id":563111396220511233}
2020-05-03 16:48:28 [WARN] request error (0x2fffffffa): https://pan.baidu.com/api/quota {"errno":-6,"request_id":563116901715809534}
2020-05-03 16:48:49 [WARN] request error (0x2fffffffa): https://pan.baidu.com/api/quota {"errno":-6,"request_id":563122400967979687}
2020-05-03 16:49:09 [WARN] request error (0x2fffffffa): https://pan.baidu.com/api/quota {"errno":-6,"request_id":563127912096143886}
2020-05-03 16:50:01 [WARN] request error (0x10000001c): https://pan.baidu.com/api/quota 
2020-05-03 16:50:22 [WARN] request error (0x2fffffffa): https://pan.baidu.com/api/quota {"errno":-6,"request_id":563147299404921487}
2020-05-03 16:50:42 [WARN] request error (0x2fffffffa): https://pan.baidu.com/api/quota {"errno":-6,"request_id":563152805607652712}
2020-05-03 16:51:03 [WARN] request error (0x2fffffffa): https://pan.baidu.com/api/quota {"errno":-6,"request_id":563158413871245563}
2020-05-03 16:51:25 [WARN] request error (0x2fffffffa): https://pan.baidu.com/api/quota {"errno":-6,"request_id":563164355392321489}
2020-05-03 16:51:46 [WARN] request error (0x2fffffffa): https://pan.baidu.com/api/quota {"errno":-6,"request_id":563169853498780452}
2020-05-03 16:52:06 [WARN] request error (0x2fffffffa): https://pan.baidu.com/api/quota {"errno":-6,"request_id":563175396918006177}
2020-05-03 16:52:27 [WARN] request error (0x2fffffffa): https://pan.baidu.com/api/quota {"errno":-6,"request_id":563180901043491157}
2020-05-03 16:52:48 [WARN] request error (0x2fffffffa): https://pan.baidu.com/api/quota {"errno":-6,"request_id":563186682821852029}
2020-05-03 16:53:09 [WARN] request error (0x2fffffffa): https://pan.baidu.com/api/quota {"errno":-6,"request_id":563192236274077532}
2020-05-03 16:53:30 [WARN] request error (0x2fffffffa): https://pan.baidu.com/api/quota {"errno":-6,"request_id":563197738371901332}
2020-05-03 16:53:50 [WARN] request error (0x2fffffffa): https://pan.baidu.com/api/quota {"errno":-6,"request_id":563203248041964321}
2020-05-03 16:54:12 [WARN] request error (0x2fffffffa): https://pan.baidu.com/api/quota {"errno":-6,"request_id":563209040574026426}
2020-05-03 16:54:32 [WARN] request error (0x2fffffffa): https://pan.baidu.com/api/quota {"errno":-6,"request_id":563214559688591532}
2020-05-03 16:54:53 [WARN] request error (0x2fffffffa): https://pan.baidu.com/api/quota {"errno":-6,"request_id":563220089777051313}
2020-05-03 16:55:14 [WARN] request error (0x2fffffffa): https://pan.baidu.com/api/quota {"errno":-6,"request_id":563225683262851967}
2020-05-03 16:55:36 [WARN] request error (0x2fffffffa): https://pan.baidu.com/api/quota {"errno":-6,"request_id":563231674411130877}
2020-05-03 16:55:56 [WARN] request error (0x2fffffffa): https://pan.baidu.com/api/quota {"errno":-6,"request_id":563237163842525731}
2020-05-03 16:56:17 [WARN] request error (0x2fffffffa): https://pan.baidu.com/api/quota {"errno":-6,"request_id":563242744441909387}
2020-05-03 16:56:38 [WARN] request error (0x2fffffffa): https://pan.baidu.com/api/quota {"errno":-6,"request_id":563248236238148216}
2020-05-03 16:56:59 [WARN] request error (0x2fffffffa): https://pan.baidu.com/api/quota {"errno":-6,"request_id":563253997584072805}
2020-05-03 16:57:20 [WARN] request error (0x2fffffffa): https://pan.baidu.com/api/quota {"errno":-6,"request_id":563259524024544297}
2020-05-03 16:57:40 [WARN] request error (0x2fffffffa): https://pan.baidu.com/api/quota {"errno":-6,"request_id":563265019805985642}
2020-05-03 16:58:01 [WARN] request error (0x2fffffffa): https://pan.baidu.com/api/quota {"errno":-6,"request_id":563270531690646503}
2020-05-03 16:58:22 [WARN] request error (0x2fffffffa): https://pan.baidu.com/api/quota {"errno":-6,"request_id":563276304615733561}
2020-05-03 16:58:43 [WARN] request error (0x2fffffffa): https://pan.baidu.com/api/quota {"errno":-6,"request_id":563281805476159962}
2020-05-03 16:59:03 [WARN] request error (0x2fffffffa): https://pan.baidu.com/api/quota {"errno":-6,"request_id":563287320596484932}
2020-05-03 16:59:24 [WARN] request error (0x2fffffffa): https://pan.baidu.com/api/quota {"errno":-6,"request_id":563292874526185430}
2020-05-03 16:59:46 [WARN] request error (0x2fffffffa): https://pan.baidu.com/api/quota {"errno":-6,"request_id":563298660965586192}
2020-05-03 17:00:06 [WARN] request error (0x2fffffffa): https://pan.baidu.com/api/quota {"errno":-6,"request_id":563304232350508277}
2020-05-03 17:00:27 [WARN] request error (0x2fffffffa): https://pan.baidu.com/api/quota {"errno":-6,"request_id":563309746349823113}
2020-05-03 17:00:47 [WARN] request error (0x2fffffffa): https://pan.baidu.com/api/quota {"errno":-6,"request_id":563315256826909798}
2020-05-03 17:01:09 [WARN] request error (0x2fffffffa): https://pan.baidu.com/api/quota {"errno":-6,"request_id":563321105128265505}
2020-05-03 17:01:30 [WARN] request error (0x2fffffffa): https://pan.baidu.com/api/quota {"errno":-6,"request_id":563326754067816960}
2020-05-03 17:01:51 [WARN] request error (0x2fffffffa): https://pan.baidu.com/api/quota {"errno":-6,"request_id":563332260390673385}
2020-05-03 17:02:11 [WARN] request error (0x2fffffffa): https://pan.baidu.com/api/quota {"errno":-6,"request_id":563337771777154849}
2020-05-03 17:02:33 [WARN] request error (0x2fffffffa): https://pan.baidu.com/api/quota {"errno":-6,"request_id":563343671924024902}
2020-05-03 17:02:54 [WARN] request error (0x2fffffffa): https://pan.baidu.com/api/quota {"errno":-6,"request_id":563349207814206483}
2020-05-03 17:03:14 [WARN] request error (0x2fffffffa): https://pan.baidu.com/api/quota {"errno":-6,"request_id":563354699989306363}
2020-05-03 17:03:35 [WARN] request error (0x2fffffffa): https://pan.baidu.com/api/quota {"errno":-6,"request_id":563360228762351920}
2020-05-03 17:03:56 [WARN] request error (0x2fffffffa): https://pan.baidu.com/api/quota {"errno":-6,"request_id":563365966397190295}
2020-05-03 17:04:17 [WARN] request error (0x2fffffffa): https://pan.baidu.com/api/quota {"errno":-6,"request_id":563371459421831803}
2020-05-03 17:04:37 [WARN] request error (0x2fffffffa): https://pan.baidu.com/api/quota {"errno":-6,"request_id":563376994660044802}
2020-05-03 17:04:58 [WARN] request error (0x2fffffffa): https://pan.baidu.com/api/quota {"errno":-6,"request_id":563382488413055507}
2020-05-03 17:05:20 [WARN] request error (0x2fffffffa): https://pan.baidu.com/api/quota {"errno":-6,"request_id":563388372043825593}
2020-05-03 17:05:40 [WARN] request error (0x2fffffffa): https://pan.baidu.com/api/quota {"errno":-6,"request_id":563393893823431634}
2020-05-03 17:06:01 [WARN] request error (0x2fffffffa): https://pan.baidu.com/api/quota {"errno":-6,"request_id":563399402182131638}
2020-05-03 17:06:21 [WARN] request error (0x2fffffffa): https://pan.baidu.com/api/quota {"errno":-6,"request_id":563404916136795571}
2020-05-03 17:06:43 [WARN] request error (0x2fffffffa): https://pan.baidu.com/api/quota {"errno":-6,"request_id":563410693366715618}
2020-05-03 17:07:04 [WARN] request error (0x2fffffffa): https://pan.baidu.com/api/quota {"errno":-6,"request_id":563416227480084751}
2020-05-03 17:07:24 [WARN] request error (0x2fffffffa): https://pan.baidu.com/api/quota {"errno":-6,"request_id":563421727705365645}
2020-05-03 17:07:45 [WARN] request error (0x2fffffffa): https://pan.baidu.com/api/quota {"errno":-6,"request_id":563427254913068844}
2020-05-03 17:08:06 [WARN] request error (0x2fffffffa): https://pan.baidu.com/api/quota {"errno":-6,"request_id":563433090982863119}
2020-05-03 17:08:27 [WARN] request error (0x2fffffffa): https://pan.baidu.com/api/quota {"errno":-6,"request_id":563438595301648005}
2020-05-03 17:08:47 [WARN] request error (0x2fffffffa): https://pan.baidu.com/api/quota {"errno":-6,"request_id":563444105772833571}
2020-05-03 17:09:08 [WARN] request error (0x2fffffffa): https://pan.baidu.com/api/quota {"errno":-6,"request_id":563449623987046530}
2020-05-03 17:09:30 [WARN] request error (0x2fffffffa): https://pan.baidu.com/api/quota {"errno":-6,"request_id":563455449565884605}
2020-05-03 17:09:50 [WARN] request error (0x2fffffffa): https://pan.baidu.com/api/quota {"errno":-6,"request_id":563460988203356793}
2020-05-03 17:10:11 [WARN] request error (0x2fffffffa): https://pan.baidu.com/api/quota {"errno":-6,"request_id":563466485296062455}
2020-05-03 17:10:31 [WARN] request error (0x2fffffffa): https://pan.baidu.com/api/quota {"errno":-6,"request_id":563471990798016954}
2020-05-03 17:18:39 [WARN] request error (0x2fffffffa): https://pan.baidu.com/api/quota {"errno":-6,"request_id":563602829811019708}
2020-05-03 17:18:59 [WARN] request error (0x2fffffffa): https://pan.baidu.com/api/quota {"errno":-6,"request_id":563608332900518911}
2020-05-03 17:19:20 [WARN] request error (0x2fffffffa): https://pan.baidu.com/api/quota {"errno":-6,"request_id":563613867846568917}
2020-05-03 17:19:40 [WARN] request error (0x2fffffffa): https://pan.baidu.com/api/quota {"errno":-6,"request_id":563619395752336455}
2020-05-03 17:20:02 [WARN] request error (0x2fffffffa): https://pan.baidu.com/api/quota {"errno":-6,"request_id":563625154189812241}
2020-05-03 17:20:22 [WARN] request error (0x2fffffffa): https://pan.baidu.com/api/quota {"errno":-6,"request_id":563630658098404797}
2020-05-03 17:20:43 [WARN] request error (0x2fffffffa): https://pan.baidu.com/api/quota {"errno":-6,"request_id":563636200463282351}
2020-05-03 17:21:04 [WARN] request error (0x2fffffffa): https://pan.baidu.com/api/quota {"errno":-6,"request_id":563641703697778576}
2020-05-03 17:21:25 [WARN] request error (0x2fffffffa): https://pan.baidu.com/api/quota {"errno":-6,"request_id":563647424484043827}
2020-05-03 17:21:45 [WARN] request error (0x2fffffffa): https://pan.baidu.com/api/quota {"errno":-6,"request_id":563652942530927291}
2020-05-03 17:22:06 [WARN] request error (0x2fffffffa): https://pan.baidu.com/api/quota {"errno":-6,"request_id":563658464686994942}
2020-05-03 17:22:27 [WARN] request error (0x2fffffffa): https://pan.baidu.com/api/quota {"errno":-6,"request_id":563664011558890031}
2020-05-03 17:22:48 [WARN] request error (0x2fffffffa): https://pan.baidu.com/api/quota {"errno":-6,"request_id":563669797123984871}
2020-05-03 17:23:09 [WARN] request error (0x2fffffffa): https://pan.baidu.com/api/quota {"errno":-6,"request_id":563675421915744512}
2020-05-03 17:23:30 [WARN] request error (0x2fffffffa): https://pan.baidu.com/api/quota {"errno":-6,"request_id":563680917663713526}
2020-05-03 17:23:50 [WARN] request error (0x2fffffffa): https://pan.baidu.com/api/quota {"errno":-6,"request_id":563686450933169969}
2020-05-03 17:24:12 [WARN] request error (0x2fffffffa): https://pan.baidu.com/api/quota {"errno":-6,"request_id":563692175474906595}
2020-05-03 17:24:32 [WARN] request error (0x2fffffffa): https://pan.baidu.com/api/quota {"errno":-6,"request_id":563697693807852818}
2020-05-03 17:24:53 [WARN] request error (0x2fffffffa): https://pan.baidu.com/api/quota {"errno":-6,"request_id":563703211031728371}
2020-05-03 17:25:13 [WARN] request error (0x2fffffffa): https://pan.baidu.com/api/quota {"errno":-6,"request_id":563708709898010125}
2020-05-03 17:25:35 [WARN] request error (0x2fffffffa): https://pan.baidu.com/api/quota {"errno":-6,"request_id":563714608021282406}
2020-05-03 17:25:56 [WARN] request error (0x2fffffffa): https://pan.baidu.com/api/quota {"errno":-6,"request_id":563720150415893536}
2020-05-03 17:26:16 [WARN] request error (0x2fffffffa): https://pan.baidu.com/api/quota {"errno":-6,"request_id":563725663558200172}
2020-05-03 17:26:37 [WARN] request error (0x2fffffffa): https://pan.baidu.com/api/quota {"errno":-6,"request_id":563731242299429116}
2020-05-03 17:26:59 [WARN] request error (0x2fffffffa): https://pan.baidu.com/api/quota {"errno":-6,"request_id":563737035840497639}
2020-05-03 17:27:19 [WARN] request error (0x2fffffffa): https://pan.baidu.com/api/quota {"errno":-6,"request_id":563742523180427156}
2020-05-03 17:27:40 [WARN] request error (0x2fffffffa): https://pan.baidu.com/api/quota {"errno":-6,"request_id":563748014669232680}
2020-05-03 17:28:00 [WARN] request error (0x2fffffffa): https://pan.baidu.com/api/quota {"errno":-6,"request_id":563753539560727492}
2020-05-03 17:28:21 [WARN] request error (0x2fffffffa): https://pan.baidu.com/api/quota {"errno":-6,"request_id":563759262353916165}
2020-05-03 17:28:42 [WARN] request error (0x2fffffffa): https://pan.baidu.com/api/quota {"errno":-6,"request_id":563764764022333124}
2020-05-03 17:29:03 [WARN] request error (0x2fffffffa): https://pan.baidu.com/api/quota {"errno":-6,"request_id":563770338900211428}
2020-05-03 17:29:23 [WARN] request error (0x2fffffffa): https://pan.baidu.com/api/quota {"errno":-6,"request_id":563775846548082129}
2020-05-03 17:29:45 [WARN] request error (0x2fffffffa): https://pan.baidu.com/api/quota {"errno":-6,"request_id":563781614240267815}
2020-05-03 17:30:05 [WARN] request error (0x2fffffffa): https://pan.baidu.com/api/quota {"errno":-6,"request_id":563787179370775862}
2020-05-03 17:30:26 [WARN] request error (0x2fffffffa): https://pan.baidu.com/api/quota {"errno":-6,"request_id":563792706353302311}
2020-05-03 17:30:47 [WARN] request error (0x2fffffffa): https://pan.baidu.com/api/quota {"errno":-6,"request_id":563798208452772437}
2020-05-03 17:31:08 [WARN] request error (0x2fffffffa): https://pan.baidu.com/api/quota {"errno":-6,"request_id":563804042532030490}
2020-05-03 17:31:29 [WARN] request error (0x2fffffffa): https://pan.baidu.com/api/quota {"errno":-6,"request_id":563809553304286208}
2020-05-03 17:31:49 [WARN] request error (0x2fffffffa): https://pan.baidu.com/api/quota {"errno":-6,"request_id":563815049167133838}
2020-05-03 17:32:10 [WARN] request error (0x2fffffffa): https://pan.baidu.com/api/quota {"errno":-6,"request_id":563820630224283988}
2020-05-03 17:32:32 [WARN] request error (0x2fffffffa): https://pan.baidu.com/api/quota {"errno":-6,"request_id":563826530873291872}
2020-05-03 17:32:53 [WARN] request error (0x2fffffffa): https://pan.baidu.com/api/quota {"errno":-6,"request_id":563832061081411689}
2020-05-03 17:33:13 [WARN] request error (0x2fffffffa): https://pan.baidu.com/api/quota {"errno":-6,"request_id":563837577552397561}
2020-05-03 17:33:34 [WARN] request error (0x2fffffffa): https://pan.baidu.com/api/quota {"errno":-6,"request_id":563843085457820017}
2020-05-03 17:33:55 [WARN] request error (0x2fffffffa): https://pan.baidu.com/api/quota {"errno":-6,"request_id":563848915646977474}
2020-05-03 17:34:16 [WARN] request error (0x2fffffffa): https://pan.baidu.com/api/quota {"errno":-6,"request_id":563854430936479578}
2020-05-03 17:34:36 [WARN] request error (0x2fffffffa): https://pan.baidu.com/api/quota {"errno":-6,"request_id":563859928535970817}
2020-05-03 17:34:57 [WARN] request error (0x2fffffffa): https://pan.baidu.com/api/quota {"errno":-6,"request_id":563865443004692231}
2020-05-03 17:35:18 [WARN] request error (0x2fffffffa): https://pan.baidu.com/api/quota {"errno":-6,"request_id":563871193622812980}
2020-05-03 17:35:39 [WARN] request error (0x2fffffffa): https://pan.baidu.com/api/quota {"errno":-6,"request_id":563876703544743615}
2020-05-03 17:35:59 [WARN] request error (0x2fffffffa): https://pan.baidu.com/api/quota {"errno":-6,"request_id":563882209824602969}
2020-05-03 17:36:20 [WARN] request error (0x2fffffffa): https://pan.baidu.com/api/quota {"errno":-6,"request_id":563887753906412341}
2020-05-03 17:36:43 [WARN] request error (0x2fffffffa): https://pan.baidu.com/api/quota {"errno":-6,"request_id":563893798748455821}
2020-05-03 17:37:03 [WARN] request error (0x2fffffffa): https://pan.baidu.com/api/quota {"errno":-6,"request_id":563899301363559939}
2020-05-03 17:37:24 [WARN] request error (0x2fffffffa): https://pan.baidu.com/api/quota {"errno":-6,"request_id":563904995396008196}
2020-05-03 17:55:20 [WARN] request error (0x2fffffffa): https://pan.baidu.com/api/quota {"errno":-6,"request_id":564193625737294739}
2020-05-03 17:55:41 [WARN] request error (0x2fffffffa): https://pan.baidu.com/api/quota {"errno":-6,"request_id":564199340507611096}
2020-05-03 20:38:07 [WARN] request error (0x2fffffffa): https://pan.baidu.com/api/quota {"errno":-6,"request_id":566815531111219658}
2020-05-03 20:38:27 [WARN] request error (0x2fffffffa): https://pan.baidu.com/api/quota {"errno":-6,"request_id":566821036951738738}
2020-05-03 20:38:48 [WARN] request error (0x2fffffffa): https://pan.baidu.com/api/quota {"errno":-6,"request_id":566826537449795697}
2020-05-03 20:39:10 [WARN] request error (0x2fffffffa): https://pan.baidu.com/api/quota {"errno":-6,"request_id":566832351117191174}
2020-05-03 20:39:30 [WARN] request error (0x2fffffffa): https://pan.baidu.com/api/quota {"errno":-6,"request_id":566837848394514477}
2020-05-03 20:39:51 [WARN] request error (0x2fffffffa): https://pan.baidu.com/api/quota {"errno":-6,"request_id":566843347538940506}
2020-05-03 20:40:11 [WARN] request error (0x2fffffffa): https://pan.baidu.com/api/quota {"errno":-6,"request_id":566848887235193400}
2020-05-03 20:40:33 [WARN] request error (0x2fffffffa): https://pan.baidu.com/api/quota {"errno":-6,"request_id":566854642446893561}
2020-05-03 20:40:53 [WARN] request error (0x2fffffffa): https://pan.baidu.com/api/quota {"errno":-6,"request_id":566860131950820368}
2020-05-03 20:41:14 [WARN] request error (0x2fffffffa): https://pan.baidu.com/api/quota {"errno":-6,"request_id":566865685044842658}
2020-05-03 20:41:34 [WARN] request error (0x2fffffffa): https://pan.baidu.com/api/quota {"errno":-6,"request_id":566871204744776755}
2020-05-03 20:41:56 [WARN] request error (0x2fffffffa): https://pan.baidu.com/api/quota {"errno":-6,"request_id":566876955276804448}
2020-05-03 20:42:16 [WARN] request error (0x2fffffffa): https://pan.baidu.com/api/quota {"errno":-6,"request_id":566882494831130189}
2020-05-03 20:42:37 [WARN] request error (0x2fffffffa): https://pan.baidu.com/api/quota {"errno":-6,"request_id":566887981859024331}
2020-05-03 20:42:58 [WARN] request error (0x2fffffffa): https://pan.baidu.com/api/quota {"errno":-6,"request_id":566893551014821071}
2020-05-03 20:43:19 [WARN] request error (0x2fffffffa): https://pan.baidu.com/api/quota {"errno":-6,"request_id":566899426024311981}
2020-05-03 20:43:40 [WARN] request error (0x2fffffffa): https://pan.baidu.com/api/quota {"errno":-6,"request_id":566904920270495920}
2020-05-03 20:44:01 [WARN] request error (0x2fffffffa): https://pan.baidu.com/api/quota {"errno":-6,"request_id":566910487942887809}
2020-05-03 20:44:21 [WARN] request error (0x2fffffffa): https://pan.baidu.com/api/quota {"errno":-6,"request_id":566915990970666322}
2020-05-03 20:44:43 [WARN] request error (0x2fffffffa): https://pan.baidu.com/api/quota {"errno":-6,"request_id":566921773574878717}
2020-05-03 20:45:03 [WARN] request error (0x2fffffffa): https://pan.baidu.com/api/quota {"errno":-6,"request_id":566927276748825704}
2020-05-03 20:45:24 [WARN] request error (0x2fffffffa): https://pan.baidu.com/api/quota {"errno":-6,"request_id":566932801501166473}
2020-05-03 20:45:44 [WARN] request error (0x2fffffffa): https://pan.baidu.com/api/quota {"errno":-6,"request_id":566938304821553033}
2020-05-03 20:46:06 [WARN] request error (0x2fffffffa): https://pan.baidu.com/api/quota {"errno":-6,"request_id":566944064687197691}
2020-05-03 20:46:26 [WARN] request error (0x2fffffffa): https://pan.baidu.com/api/quota {"errno":-6,"request_id":566949597603138616}
2020-05-03 20:46:47 [WARN] request error (0x2fffffffa): https://pan.baidu.com/api/quota {"errno":-6,"request_id":566955125574557152}
2020-05-03 20:47:07 [WARN] request error (0x2fffffffa): https://pan.baidu.com/api/quota {"errno":-6,"request_id":566960631171517574}
2020-05-03 20:47:30 [WARN] request error (0x2fffffffa): https://pan.baidu.com/api/quota {"errno":-6,"request_id":566966683839261823}
2020-05-03 20:47:50 [WARN] request error (0x2fffffffa): https://pan.baidu.com/api/quota {"errno":-6,"request_id":566972172964328139}
2020-05-03 20:48:11 [WARN] request error (0x2fffffffa): https://pan.baidu.com/api/quota {"errno":-6,"request_id":566977667065803270}
2020-05-03 20:48:32 [WARN] request error (0x2fffffffa): https://pan.baidu.com/api/quota {"errno":-6,"request_id":566983215934490635}
2020-05-03 20:48:53 [WARN] request error (0x2fffffffa): https://pan.baidu.com/api/quota {"errno":-6,"request_id":566989020039968519}
2020-05-03 20:49:14 [WARN] request error (0x2fffffffa): https://pan.baidu.com/api/quota {"errno":-6,"request_id":566994521028402991}
2020-05-03 20:49:34 [WARN] request error (0x2fffffffa): https://pan.baidu.com/api/quota {"errno":-6,"request_id":567000041889005502}
2020-05-03 20:49:55 [WARN] request error (0x2fffffffa): https://pan.baidu.com/api/quota {"errno":-6,"request_id":567005544232013363}
2020-05-03 20:50:17 [WARN] request error (0x2fffffffa): https://pan.baidu.com/api/quota {"errno":-6,"request_id":567011442217861297}
2020-05-03 20:50:37 [WARN] request error (0x2fffffffa): https://pan.baidu.com/api/quota {"errno":-6,"request_id":567016961962198917}
2020-05-03 20:50:58 [WARN] request error (0x2fffffffa): https://pan.baidu.com/api/quota {"errno":-6,"request_id":567022450315413040}
2020-05-03 20:51:18 [WARN] request error (0x2fffffffa): https://pan.baidu.com/api/quota {"errno":-6,"request_id":567027968121013741}
2020-05-03 20:51:45 [WARN] request error (0x2fffffffa): https://pan.baidu.com/api/quota {"errno":-6,"request_id":567035196294795254}
2020-05-03 20:52:06 [WARN] request error (0x2fffffffa): https://pan.baidu.com/api/quota {"errno":-6,"request_id":567040685627288997}
2020-05-03 20:52:27 [WARN] request error (0x2fffffffa): https://pan.baidu.com/api/quota {"errno":-6,"request_id":567046280497041603}
2020-05-03 20:52:47 [WARN] request error (0x2fffffffa): https://pan.baidu.com/api/quota {"errno":-6,"request_id":567051857642538476}
2020-05-03 20:53:10 [WARN] request error (0x2fffffffa): https://pan.baidu.com/api/quota {"errno":-6,"request_id":567057882225552575}
2020-05-03 20:53:30 [WARN] request error (0x2fffffffa): https://pan.baidu.com/api/quota {"errno":-6,"request_id":567063390946420333}
2020-05-03 20:53:51 [WARN] request error (0x2fffffffa): https://pan.baidu.com/api/quota {"errno":-6,"request_id":567068920630917343}
2020-05-03 20:54:11 [WARN] request error (0x2fffffffa): https://pan.baidu.com/api/quota {"errno":-6,"request_id":567074418381073612}
2020-05-03 20:54:34 [WARN] request error (0x2fffffffa): https://pan.baidu.com/api/quota {"errno":-6,"request_id":567080620075447224}
2020-05-03 20:54:55 [WARN] request error (0x2fffffffa): https://pan.baidu.com/api/quota {"errno":-6,"request_id":567086125910855665}
2020-05-03 20:55:15 [WARN] request error (0x2fffffffa): https://pan.baidu.com/api/quota {"errno":-6,"request_id":567091605851326595}
2020-05-03 20:55:36 [WARN] request error (0x2fffffffa): https://pan.baidu.com/api/quota {"errno":-6,"request_id":567097099073059030}
2020-05-03 20:55:57 [WARN] request error (0x2fffffffa): https://pan.baidu.com/api/quota {"errno":-6,"request_id":567102904561250917}
2020-05-03 20:56:18 [WARN] request error (0x2fffffffa): https://pan.baidu.com/api/quota {"errno":-6,"request_id":567108431226186571}
2020-05-03 20:56:39 [WARN] request error (0x2fffffffa): https://pan.baidu.com/api/quota {"errno":-6,"request_id":567113936624436709}
2020-05-03 20:56:59 [WARN] request error (0x2fffffffa): https://pan.baidu.com/api/quota {"errno":-6,"request_id":567119510784364427}
2020-05-03 20:57:21 [WARN] request error (0x2fffffffa): https://pan.baidu.com/api/quota {"errno":-6,"request_id":567125246770863153}
2020-05-03 20:57:41 [WARN] request error (0x2fffffffa): https://pan.baidu.com/api/quota {"errno":-6,"request_id":567130759434187422}
2020-05-03 20:58:07 [WARN] request error (0x2fffffffa): https://pan.baidu.com/api/quota {"errno":-6,"request_id":567137634532385794}
2020-05-03 20:58:28 [WARN] request error (0x2fffffffa): https://pan.baidu.com/api/quota {"errno":-6,"request_id":567143194885437704}
2020-05-03 20:58:49 [WARN] request error (0x2fffffffa): https://pan.baidu.com/api/quota {"errno":-6,"request_id":567149019798746836}
2020-05-03 20:59:10 [WARN] request error (0x2fffffffa): https://pan.baidu.com/api/quota {"errno":-6,"request_id":567154577440357683}
2020-05-03 20:59:31 [WARN] request error (0x2fffffffa): https://pan.baidu.com/api/quota {"errno":-6,"request_id":567160095002259459}
2020-05-03 20:59:52 [WARN] request error (0x2fffffffa): https://pan.baidu.com/api/quota {"errno":-6,"request_id":567165877561469806}
2020-05-03 21:00:14 [WARN] request error (0x2fffffffa): https://pan.baidu.com/api/quota {"errno":-6,"request_id":567171859907642391}
2020-05-03 21:00:35 [WARN] request error (0x2fffffffa): https://pan.baidu.com/api/quota {"errno":-6,"request_id":567177352670116289}
2020-05-03 21:00:55 [WARN] request error (0x2fffffffa): https://pan.baidu.com/api/quota {"errno":-6,"request_id":567182858953167721}
2020-05-03 21:01:16 [WARN] request error (0x2fffffffa): https://pan.baidu.com/api/quota {"errno":-6,"request_id":567188406623403295}
2020-05-03 21:01:37 [WARN] request error (0x2fffffffa): https://pan.baidu.com/api/quota {"errno":-6,"request_id":567194139733285700}
2020-05-03 21:01:58 [WARN] request error (0x2fffffffa): https://pan.baidu.com/api/quota {"errno":-6,"request_id":567199641587878995}
2020-05-03 21:02:19 [WARN] request error (0x2fffffffa): https://pan.baidu.com/api/quota {"errno":-6,"request_id":567205272896834750}
2020-05-03 21:02:39 [WARN] request error (0x2fffffffa): https://pan.baidu.com/api/quota {"errno":-6,"request_id":567210779549107594}
2020-05-03 21:03:01 [WARN] request error (0x2fffffffa): https://pan.baidu.com/api/quota {"errno":-6,"request_id":567216574020987517}
2020-05-03 21:03:22 [WARN] request error (0x2fffffffa): https://pan.baidu.com/api/quota {"errno":-6,"request_id":567222113137433513}
2020-05-03 21:03:42 [WARN] request error (0x2fffffffa): https://pan.baidu.com/api/quota {"errno":-6,"request_id":567227612788935904}
2020-05-03 21:04:02 [WARN] request error (0x2fffffffa): https://pan.baidu.com/api/quota {"errno":-6,"request_id":567233100168807466}
2020-05-03 21:04:24 [WARN] request error (0x2fffffffa): https://pan.baidu.com/api/quota {"errno":-6,"request_id":567238977143228040}
2020-05-03 21:04:45 [WARN] request error (0x2fffffffa): https://pan.baidu.com/api/quota {"errno":-6,"request_id":567244496104177497}
2020-05-03 21:05:06 [WARN] request error (0x2fffffffa): https://pan.baidu.com/api/quota {"errno":-6,"request_id":567250011317496584}
2020-05-03 21:05:27 [WARN] request error (0x2fffffffa): https://pan.baidu.com/api/quota {"errno":-6,"request_id":567255666400030315}
2020-05-03 21:05:48 [WARN] request error (0x2fffffffa): https://pan.baidu.com/api/quota {"errno":-6,"request_id":567261404866936923}
2020-05-03 21:06:08 [WARN] request error (0x2fffffffa): https://pan.baidu.com/api/quota {"errno":-6,"request_id":567266891145437727}
2020-05-03 21:06:29 [WARN] request error (0x2fffffffa): https://pan.baidu.com/api/quota {"errno":-6,"request_id":567272481257088990}
2020-05-03 21:06:50 [WARN] request error (0x2fffffffa): https://pan.baidu.com/api/quota {"errno":-6,"request_id":567277982436571126}
2020-05-03 21:07:12 [WARN] request error (0x2fffffffa): https://pan.baidu.com/api/quota {"errno":-6,"request_id":567283856670143615}
2020-05-03 21:07:32 [WARN] request error (0x2fffffffa): https://pan.baidu.com/api/quota {"errno":-6,"request_id":567289408188185747}
2020-05-03 21:07:53 [WARN] request error (0x2fffffffa): https://pan.baidu.com/api/quota {"errno":-6,"request_id":567294919166368125}
2020-05-03 21:08:13 [WARN] request error (0x2fffffffa): https://pan.baidu.com/api/quota {"errno":-6,"request_id":567300422087939331}
2020-05-03 21:08:35 [WARN] request error (0x2fffffffa): https://pan.baidu.com/api/quota {"errno":-6,"request_id":567306203191276852}
2020-05-03 21:08:55 [WARN] request error (0x2fffffffa): https://pan.baidu.com/api/quota {"errno":-6,"request_id":567311704825548660}
2020-05-03 21:09:16 [WARN] request error (0x2fffffffa): https://pan.baidu.com/api/quota {"errno":-6,"request_id":567317208287286755}
2020-05-03 21:09:36 [WARN] request error (0x2fffffffa): https://pan.baidu.com/api/quota {"errno":-6,"request_id":567322729680409557}
2020-05-03 21:09:58 [WARN] request error (0x2fffffffa): https://pan.baidu.com/api/quota {"errno":-6,"request_id":567328579668907179}
2020-05-03 21:10:19 [WARN] request error (0x2fffffffa): https://pan.baidu.com/api/quota {"errno":-6,"request_id":567334070200656712}
2020-05-03 21:10:39 [WARN] request error (0x2fffffffa): https://pan.baidu.com/api/quota {"errno":-6,"request_id":567339597882601420}
2020-05-03 21:11:00 [WARN] request error (0x2fffffffa): https://pan.baidu.com/api/quota {"errno":-6,"request_id":567345087965684581}
2020-05-03 21:11:21 [WARN] request error (0x2fffffffa): https://pan.baidu.com/api/quota {"errno":-6,"request_id":567350900359157508}
2020-05-03 21:11:42 [WARN] request error (0x2fffffffa): https://pan.baidu.com/api/quota {"errno":-6,"request_id":567356448292242559}
2020-05-03 21:12:02 [WARN] request error (0x2fffffffa): https://pan.baidu.com/api/quota {"errno":-6,"request_id":567361941219135712}
2020-05-03 21:12:23 [WARN] request error (0x2fffffffa): https://pan.baidu.com/api/quota {"errno":-6,"request_id":567367427073321486}
2020-05-03 21:12:44 [WARN] request error (0x2fffffffa): https://pan.baidu.com/api/quota {"errno":-6,"request_id":567373167141587674}
2020-05-03 21:13:05 [WARN] request error (0x2fffffffa): https://pan.baidu.com/api/quota {"errno":-6,"request_id":567378657619586983}
2020-05-03 21:13:25 [WARN] request error (0x2fffffffa): https://pan.baidu.com/api/quota {"errno":-6,"request_id":567384166477947941}
2020-05-03 21:13:46 [WARN] request error (0x2fffffffa): https://pan.baidu.com/api/quota {"errno":-6,"request_id":567389694762247124}
2020-05-03 21:14:08 [WARN] request error (0x2fffffffa): https://pan.baidu.com/api/quota {"errno":-6,"request_id":567395544601146896}
2020-05-03 21:14:28 [WARN] request error (0x2fffffffa): https://pan.baidu.com/api/quota {"errno":-6,"request_id":567401050586265738}
2020-05-03 21:14:49 [WARN] request error (0x2fffffffa): https://pan.baidu.com/api/quota {"errno":-6,"request_id":567406576795466429}
2020-05-03 21:15:09 [WARN] request error (0x2fffffffa): https://pan.baidu.com/api/quota {"errno":-6,"request_id":567412065586226156}
2020-05-03 21:15:31 [WARN] request error (0x2fffffffa): https://pan.baidu.com/api/quota {"errno":-6,"request_id":567417829654208605}
2020-05-03 21:15:52 [WARN] request error (0x2fffffffa): https://pan.baidu.com/api/quota {"errno":-6,"request_id":567423421188074469}
2020-05-03 21:16:13 [WARN] request error (0x2fffffffa): https://pan.baidu.com/api/quota {"errno":-6,"request_id":567429066757874785}
2020-05-03 21:16:33 [WARN] request error (0x2fffffffa): https://pan.baidu.com/api/quota {"errno":-6,"request_id":567434584050361805}
2020-05-03 21:16:56 [WARN] request error (0x2fffffffa): https://pan.baidu.com/api/quota {"errno":-6,"request_id":567440790773763774}
2020-05-03 21:17:17 [WARN] request error (0x2fffffffa): https://pan.baidu.com/api/quota {"errno":-6,"request_id":567446314384255431}
2020-05-03 21:17:37 [WARN] request error (0x2fffffffa): https://pan.baidu.com/api/quota {"errno":-6,"request_id":567451841784895418}
2020-05-03 21:17:58 [WARN] request error (0x2fffffffa): https://pan.baidu.com/api/quota {"errno":-6,"request_id":567457368975666885}
2020-05-03 21:18:19 [WARN] request error (0x2fffffffa): https://pan.baidu.com/api/quota {"errno":-6,"request_id":567463129035120468}
2020-05-03 21:18:44 [WARN] request error (0x2fffffffa): https://pan.baidu.com/api/quota {"errno":-6,"request_id":567469766247747245}
2020-05-03 21:19:05 [WARN] request error (0x2fffffffa): https://pan.baidu.com/api/quota {"errno":-6,"request_id":567475306294118407}
2020-05-03 21:19:25 [WARN] request error (0x2fffffffa): https://pan.baidu.com/api/quota {"errno":-6,"request_id":567480804525335660}
2020-05-03 21:19:47 [WARN] request error (0x2fffffffa): https://pan.baidu.com/api/quota {"errno":-6,"request_id":567486612973827795}
2020-05-03 21:20:08 [WARN] request error (0x2fffffffa): https://pan.baidu.com/api/quota {"errno":-6,"request_id":567492161454202497}
2020-05-03 21:20:28 [WARN] request error (0x2fffffffa): https://pan.baidu.com/api/quota {"errno":-6,"request_id":567497652518206210}
2020-05-03 21:20:49 [WARN] request error (0x2fffffffa): https://pan.baidu.com/api/quota {"errno":-6,"request_id":567503418133229664}
2020-05-03 21:21:13 [WARN] request error (0x2fffffffa): https://pan.baidu.com/api/quota {"errno":-6,"request_id":567509461605047612}
2020-05-03 21:21:33 [WARN] request error (0x2fffffffa): https://pan.baidu.com/api/quota {"errno":-6,"request_id":567515204957680483}
2020-05-03 21:21:54 [WARN] request error (0x2fffffffa): https://pan.baidu.com/api/quota {"errno":-6,"request_id":567520691353410466}
2020-05-03 21:22:15 [WARN] request error (0x2fffffffa): https://pan.baidu.com/api/quota {"errno":-6,"request_id":567526200732668712}
2020-05-03 21:22:36 [WARN] request error (0x2fffffffa): https://pan.baidu.com/api/quota {"errno":-6,"request_id":567532092661385372}
2020-05-03 21:22:58 [WARN] request error (0x2fffffffa): https://pan.baidu.com/api/quota {"errno":-6,"request_id":567537811712642491}
2020-05-03 21:23:18 [WARN] request error (0x2fffffffa): https://pan.baidu.com/api/quota {"errno":-6,"request_id":567543340509152072}
2020-05-03 21:23:39 [WARN] request error (0x2fffffffa): https://pan.baidu.com/api/quota {"errno":-6,"request_id":567548965980024643}
2020-05-03 21:24:01 [WARN] request error (0x2fffffffa): https://pan.baidu.com/api/quota {"errno":-6,"request_id":567554763713566952}
2020-05-03 21:24:21 [WARN] request error (0x2fffffffa): https://pan.baidu.com/api/quota {"errno":-6,"request_id":567560304803813891}
2020-05-03 21:24:42 [WARN] request error (0x2fffffffa): https://pan.baidu.com/api/quota {"errno":-6,"request_id":567565802957236109}
2020-05-03 21:25:03 [WARN] request error (0x2fffffffa): https://pan.baidu.com/api/quota {"errno":-6,"request_id":567571366930109898}
2020-05-03 21:25:24 [WARN] request error (0x2fffffffa): https://pan.baidu.com/api/quota {"errno":-6,"request_id":567577138502500935}
2020-05-03 21:25:45 [WARN] request error (0x2fffffffa): https://pan.baidu.com/api/quota {"errno":-6,"request_id":567582637998421513}
2020-05-03 21:26:05 [WARN] request error (0x2fffffffa): https://pan.baidu.com/api/quota {"errno":-6,"request_id":567588128724592177}
2020-05-03 21:26:26 [WARN] request error (0x2fffffffa): https://pan.baidu.com/api/quota {"errno":-6,"request_id":567593629025675381}
2020-05-03 21:26:47 [WARN] request error (0x2fffffffa): https://pan.baidu.com/api/quota {"errno":-6,"request_id":567599377734788417}
2020-05-03 21:27:08 [WARN] request error (0x2fffffffa): https://pan.baidu.com/api/quota {"errno":-6,"request_id":567604908482356271}
2020-05-03 21:27:28 [WARN] request error (0x2fffffffa): https://pan.baidu.com/api/quota {"errno":-6,"request_id":567610444038614013}
2020-05-03 21:27:49 [WARN] request error (0x2fffffffa): https://pan.baidu.com/api/quota {"errno":-6,"request_id":567615942369645014}
2020-05-03 21:28:10 [WARN] request error (0x2fffffffa): https://pan.baidu.com/api/quota {"errno":-6,"request_id":567621675878525997}
2020-05-03 21:28:31 [WARN] request error (0x2fffffffa): https://pan.baidu.com/api/quota {"errno":-6,"request_id":567627216109068395}
2020-05-03 21:28:51 [WARN] request error (0x2fffffffa): https://pan.baidu.com/api/quota {"errno":-6,"request_id":567632710896165782}
2020-05-03 21:29:12 [WARN] request error (0x2fffffffa): https://pan.baidu.com/api/quota {"errno":-6,"request_id":567638213472934110}
2020-05-03 21:29:33 [WARN] request error (0x2fffffffa): https://pan.baidu.com/api/quota {"errno":-6,"request_id":567643974082500704}
2020-05-03 21:29:54 [WARN] request error (0x2fffffffa): https://pan.baidu.com/api/quota {"errno":-6,"request_id":567649556846739270}
2020-05-03 21:30:14 [WARN] request error (0x2fffffffa): https://pan.baidu.com/api/quota {"errno":-6,"request_id":567655052239686671}
2020-05-03 21:30:35 [WARN] request error (0x2fffffffa): https://pan.baidu.com/api/quota {"errno":-6,"request_id":567660592489211208}
2020-05-03 21:30:57 [WARN] request error (0x2fffffffa): https://pan.baidu.com/api/quota {"errno":-6,"request_id":567666438664076445}
2020-05-03 21:31:17 [WARN] request error (0x2fffffffa): https://pan.baidu.com/api/quota {"errno":-6,"request_id":567671943772775941}
2020-05-03 21:31:38 [WARN] request error (0x2fffffffa): https://pan.baidu.com/api/quota {"errno":-6,"request_id":567677553437788483}
2020-05-03 21:31:59 [WARN] request error (0x2fffffffa): https://pan.baidu.com/api/quota {"errno":-6,"request_id":567683028191491286}
2020-05-03 21:32:20 [WARN] request error (0x2fffffffa): https://pan.baidu.com/api/quota {"errno":-6,"request_id":567688767612998157}
2020-05-03 21:32:41 [WARN] request error (0x2fffffffa): https://pan.baidu.com/api/quota {"errno":-6,"request_id":567694294773310930}
2020-05-03 21:33:01 [WARN] request error (0x2fffffffa): https://pan.baidu.com/api/quota {"errno":-6,"request_id":567699876459056926}
2020-05-03 21:33:22 [WARN] request error (0x2fffffffa): https://pan.baidu.com/api/quota {"errno":-6,"request_id":567705469564239992}
2020-05-03 21:33:44 [WARN] request error (0x2fffffffa): https://pan.baidu.com/api/quota {"errno":-6,"request_id":567711299962524862}
2020-05-03 21:34:05 [WARN] request error (0x2fffffffa): https://pan.baidu.com/api/quota {"errno":-6,"request_id":567716865491206656}
2020-05-03 21:34:25 [WARN] request error (0x2fffffffa): https://pan.baidu.com/api/quota {"errno":-6,"request_id":567722359122473669}
2020-05-03 21:34:46 [WARN] request error (0x2fffffffa): https://pan.baidu.com/api/quota {"errno":-6,"request_id":567727874358673947}
2020-05-03 21:35:07 [WARN] request error (0x2fffffffa): https://pan.baidu.com/api/quota {"errno":-6,"request_id":567733613798348738}
2020-05-03 21:35:28 [WARN] request error (0x2fffffffa): https://pan.baidu.com/api/quota {"errno":-6,"request_id":567739120761814394}
2020-05-03 21:35:48 [WARN] request error (0x2fffffffa): https://pan.baidu.com/api/quota {"errno":-6,"request_id":567744638721218460}
2020-05-03 21:36:09 [WARN] request error (0x2fffffffa): https://pan.baidu.com/api/quota {"errno":-6,"request_id":567750134510715613}
2020-05-03 21:36:30 [WARN] request error (0x2fffffffa): https://pan.baidu.com/api/quota {"errno":-6,"request_id":567755877596041067}
2020-05-03 21:36:51 [WARN] request error (0x2fffffffa): https://pan.baidu.com/api/quota {"errno":-6,"request_id":567761480295312796}
2020-05-03 21:37:11 [WARN] request error (0x2fffffffa): https://pan.baidu.com/api/quota {"errno":-6,"request_id":567766980827444642}
2020-05-03 21:37:32 [WARN] request error (0x2fffffffa): https://pan.baidu.com/api/quota {"errno":-6,"request_id":567772491890140984}
2020-05-03 21:37:53 [WARN] request error (0x2fffffffa): https://pan.baidu.com/api/quota {"errno":-6,"request_id":567778227402501490}
2020-05-03 21:38:14 [WARN] request error (0x2fffffffa): https://pan.baidu.com/api/quota {"errno":-6,"request_id":567783725641335975}
2020-05-03 21:38:34 [WARN] request error (0x2fffffffa): https://pan.baidu.com/api/quota {"errno":-6,"request_id":567789218644843812}
2020-05-03 21:38:55 [WARN] request error (0x2fffffffa): https://pan.baidu.com/api/quota {"errno":-6,"request_id":567794756237485384}
2020-05-03 21:39:17 [WARN] request error (0x2fffffffa): https://pan.baidu.com/api/quota {"errno":-6,"request_id":567800661601353237}
2020-05-03 21:39:37 [WARN] request error (0x2fffffffa): https://pan.baidu.com/api/quota {"errno":-6,"request_id":567806151247421494}
2020-05-03 21:39:58 [WARN] request error (0x2fffffffa): https://pan.baidu.com/api/quota {"errno":-6,"request_id":567811660324580538}
2020-05-03 21:40:18 [WARN] request error (0x2fffffffa): https://pan.baidu.com/api/quota {"errno":-6,"request_id":567817165882387402}
2020-05-03 21:40:40 [WARN] request error (0x2fffffffa): https://pan.baidu.com/api/quota {"errno":-6,"request_id":567822948065115389}
2020-05-03 21:41:01 [WARN] request error (0x2fffffffa): https://pan.baidu.com/api/quota {"errno":-6,"request_id":567828540946610704}
2020-05-03 21:41:21 [WARN] request error (0x2fffffffa): https://pan.baidu.com/api/quota {"errno":-6,"request_id":567834041982346190}
2020-05-03 21:41:42 [WARN] request error (0x2fffffffa): https://pan.baidu.com/api/quota {"errno":-6,"request_id":567839583361902089}
2020-05-03 21:42:04 [WARN] request error (0x2fffffffa): https://pan.baidu.com/api/quota {"errno":-6,"request_id":567845588445303700}
2020-05-03 21:42:25 [WARN] request error (0x2fffffffa): https://pan.baidu.com/api/quota {"errno":-6,"request_id":567851226439776529}
2020-05-03 21:42:46 [WARN] request error (0x2fffffffa): https://pan.baidu.com/api/quota {"errno":-6,"request_id":567856718388101584}
2020-05-03 21:43:06 [WARN] request error (0x2fffffffa): https://pan.baidu.com/api/quota {"errno":-6,"request_id":567862265096526238}
2020-05-03 21:43:28 [WARN] request error (0x2fffffffa): https://pan.baidu.com/api/quota {"errno":-6,"request_id":567868025889316665}
2020-05-03 21:43:48 [WARN] request error (0x2fffffffa): https://pan.baidu.com/api/quota {"errno":-6,"request_id":567873574904953075}
2020-05-03 21:44:09 [WARN] request error (0x2fffffffa): https://pan.baidu.com/api/quota {"errno":-6,"request_id":567879120660760133}
2020-05-03 21:44:30 [WARN] request error (0x2fffffffa): https://pan.baidu.com/api/quota {"errno":-6,"request_id":567884618075492122}
2020-05-03 21:44:51 [WARN] request error (0x2fffffffa): https://pan.baidu.com/api/quota {"errno":-6,"request_id":567890372788864292}
2020-05-03 21:45:12 [WARN] request error (0x2fffffffa): https://pan.baidu.com/api/quota {"errno":-6,"request_id":567895953353045245}
2020-05-03 21:45:32 [WARN] request error (0x2fffffffa): https://pan.baidu.com/api/quota {"errno":-6,"request_id":567901442330843709}
2020-05-03 21:45:53 [WARN] request error (0x2fffffffa): https://pan.baidu.com/api/quota {"errno":-6,"request_id":567906931402417059}
2020-05-03 21:46:14 [WARN] request error (0x2fffffffa): https://pan.baidu.com/api/quota {"errno":-6,"request_id":567912754122409011}
2020-05-03 21:46:35 [WARN] request error (0x2fffffffa): https://pan.baidu.com/api/quota {"errno":-6,"request_id":567918277422582100}
2020-05-03 21:46:55 [WARN] request error (0x2fffffffa): https://pan.baidu.com/api/quota {"errno":-6,"request_id":567923781102247156}
2020-05-03 21:47:02 [WARN] aria2 websocket connection closed (127.0.0.1:36945), code: 1006 (Abnormal close), reason: 
