2020-05-15 20:58:02 [INFO] pandownload version: 2.2.2
2020-05-15 20:58:06 [INFO] aria2 websocket connection opened (127.0.0.1:36916)
2020-05-15 20:58:06 [INFO] aria2 version: 1.35.1
2020-05-15 20:58:06 [INFO] aria2 json-rpc path: http://token:pandownload@127.0.0.1:36916/jsonrpc
2020-05-15 20:58:06 [INFO] create main window
2020-05-15 20:58:06 [INFO] verify cookie (581)
2020-05-15 20:58:06 [INFO] verify cookie (728)
2020-05-15 20:58:06 [INFO] verify cookie (631)
2020-05-15 20:58:10 [WARN] ID#1 - 用户未登录(-1) FILE="H:/gal/[170728][ωstar]4 -罪と罰の少女-.rar" SIZE="3567214246"
2020-05-15 20:58:10 [WARN] ID#1 - 用户未登录(-1) FILE="H:/gal/[170728][ωstar]4 -罪と罰の少女-.rar" SIZE="3567214246"
2020-05-15 20:58:10 [WARN] ID#1 - 用户未登录(-1) FILE="H:/gal/[170728][ωstar]4 -罪と罰の少女-.rar" SIZE="3567214246"
2020-05-15 20:58:33 [INFO] user login success (2917049665): iam张家墀
2020-05-15 20:58:33 [INFO] user login success (3241175752): X_55555555丶
2020-05-15 20:58:43 [INFO] user login success (476495987): zjc040
2020-05-15 20:59:54 [WARN] request error (0x100000023): https://pan.baidu.com/api/quota 
2020-05-15 21:00:09 [WARN] request error (0x100000023): https://pan.baidu.com/api/quota 
2020-05-15 21:08:00 [WARN] request error (0x100000023): https://pan.baidu.com/api/quota 
2020-05-15 21:08:25 [INFO] close main window
2020-05-15 21:08:25 [WARN] aria2 websocket connection closed (127.0.0.1:36916), code: 1000 (Normal close), reason: aria2 shutdown
2020-05-15 21:08:26 [INFO] websocket client stop
2020-05-15 21:08:27 [INFO] exit
